2025-04-21 02:46:35,994 - train-model - INFO - جاري تحميل البيانات من data/Mobile_Security_Dataset.csv...
2025-04-21 02:46:35,994 - data-utils - INFO - معالجة البيانات من data/Mobile_Security_Dataset.csv...
2025-04-21 02:46:36,040 - data-utils - INFO - شكل مجموعة البيانات الأصلية: (10000, 7)
2025-04-21 02:46:36,044 - data-utils - INFO - شكل مجموعة البيانات بعد إزالة القيم المفقودة: (10000, 7)
2025-04-21 02:46:36,046 - data-utils - INFO - توزيع الفئات (أعلى 5): 
Category
Education           1082
Travel              1034
Health & Fitness     916
Finance              889
Lifestyle            827
Name: count, dtype: int64
2025-04-21 02:46:36,058 - train-model - INFO - شكل مجموعة البيانات: (10000, 9)
2025-04-21 02:46:36,059 - train-model - INFO - الأعمدة المتاحة: ['Category', 'Security_Practice_Used', 'Vulnerability_Types', 'Mitigation_Strategies', 'Developer_Challenges', 'Assessment_Tools_Used', 'Improvement_Suggestions', 'combined_features', 'category_id']
2025-04-21 02:46:36,060 - train-model - INFO - عدد الفئات الفريدة: 34
2025-04-21 02:46:36,060 - train-model - INFO - بدء تدريب النموذج...
2025-04-21 02:46:36,060 - train-model - INFO - إنشاء ميزات TF-IDF (max_features=2000)...
2025-04-21 02:46:36,456 - train-model - INFO - إعداد المتغيرات الهدف...
2025-04-21 02:46:36,457 - train-model - INFO - تقسيم البيانات إلى مجموعات تدريب واختبار...
2025-04-21 02:46:36,463 - train-model - INFO - تدريب نموذج الغابة العشوائية (n_estimators=50)...
2025-04-21 02:49:23,510 - train-model - INFO - Loading data from data/Mobile_Security_Dataset.csv...
2025-04-21 02:49:23,584 - train-model - INFO - Dataset shape: (10000, 9)
2025-04-21 02:49:23,585 - train-model - INFO - Available columns: ['Category', 'Security_Practice_Used', 'Vulnerability_Types', 'Mitigation_Strategies', 'Developer_Challenges', 'Assessment_Tools_Used', 'Improvement_Suggestions', 'combined_features', 'category_id']
2025-04-21 02:49:23,586 - train-model - INFO - Number of unique categories: 34
2025-04-21 02:49:23,586 - train-model - INFO - Starting model training...
2025-04-21 02:49:23,586 - train-model - INFO - Creating TF-IDF features (max_features=5000)...
2025-04-21 02:49:24,131 - train-model - INFO - Preparing target variables...
2025-04-21 02:49:24,132 - train-model - INFO - Splitting data into training and test sets...
2025-04-21 02:49:24,137 - train-model - INFO - Training model (n_estimators=100)...
